TN:
SF:Backend\src\config\db.js
FN:13,(anonymous_0)
FN:17,(anonymous_1)
FNF:2
FNH:2
FNDA:2,(anonymous_0)
FNDA:1,(anonymous_1)
DA:1,3
DA:2,3
DA:3,3
DA:5,3
DA:12,3
DA:14,2
DA:15,2
DA:18,1
DA:21,3
LF:9
LH:9
BRF:0
BRH:0
end_of_record
TN:
SF:Backend\src\controllers\authController.js
FN:9,(anonymous_0)
FN:52,(anonymous_1)
FN:79,(anonymous_2)
FN:91,(anonymous_3)
FN:130,(anonymous_4)
FN:168,(anonymous_5)
FN:188,(anonymous_6)
FNF:7
FNH:7
FNDA:4,(anonymous_0)
FNDA:4,(anonymous_1)
FNDA:1,(anonymous_2)
FNDA:4,(anonymous_3)
FNDA:4,(anonymous_4)
FNDA:3,(anonymous_5)
FNDA:2,(anonymous_6)
DA:1,1
DA:2,1
DA:3,1
DA:4,1
DA:5,1
DA:6,1
DA:7,1
DA:9,1
DA:10,4
DA:11,4
DA:13,4
DA:14,3
DA:15,1
DA:18,2
DA:19,2
DA:21,2
DA:23,2
DA:24,2
DA:27,2
DA:28,2
DA:39,2
DA:41,0
DA:45,2
DA:47,1
DA:48,1
DA:52,1
DA:53,4
DA:54,4
DA:56,4
DA:57,3
DA:58,1
DA:61,2
DA:63,2
DA:64,2
DA:65,1
DA:68,1
DA:75,1
DA:80,1
DA:81,1
DA:85,1
DA:86,1
DA:91,1
DA:92,4
DA:93,4
DA:94,4
DA:96,3
DA:97,1
DA:100,2
DA:101,2
DA:102,2
DA:105,2
DA:107,2
DA:110,2
DA:122,1
DA:124,2
DA:125,2
DA:130,1
DA:131,4
DA:132,4
DA:134,4
DA:135,1
DA:139,3
DA:144,2
DA:145,1
DA:148,1
DA:151,1
DA:152,1
DA:155,1
DA:160,1
DA:162,1
DA:163,1
DA:168,1
DA:169,3
DA:170,3
DA:171,3
DA:176,2
DA:177,1
DA:180,1
DA:182,1
DA:183,1
DA:188,1
DA:189,2
DA:190,2
DA:191,2
DA:193,2
DA:200,2
DA:210,1
DA:212,1
DA:213,1
LF:89
LH:88
BRDA:14,0,0,1
BRDA:14,0,1,2
BRDA:24,1,0,2
BRDA:24,1,1,1
BRDA:57,2,0,1
BRDA:57,2,1,2
BRDA:64,3,0,1
BRDA:64,3,1,1
BRDA:80,4,0,0
BRDA:80,4,1,1
BRDA:96,5,0,1
BRDA:96,5,1,2
BRDA:134,6,0,1
BRDA:134,6,1,3
BRDA:134,7,0,4
BRDA:134,7,1,3
BRDA:144,8,0,1
BRDA:144,8,1,1
BRDA:176,9,0,1
BRDA:176,9,1,1
BRDA:201,10,0,2
BRDA:201,10,1,0
BRDA:202,11,0,2
BRDA:202,11,1,2
BRDA:203,12,0,2
BRDA:203,12,1,1
BRDA:204,13,0,2
BRDA:204,13,1,2
BRDA:205,14,0,2
BRDA:205,14,1,1
BRDA:206,15,0,2
BRDA:206,15,1,2
BRF:32
BRH:30
end_of_record
TN:
SF:Backend\src\controllers\citasController.js
FN:8,(anonymous_0)
FN:76,(anonymous_1)
FN:101,(anonymous_2)
FN:119,(anonymous_3)
FNF:4
FNH:4
FNDA:5,(anonymous_0)
FNDA:2,(anonymous_1)
FNDA:2,(anonymous_2)
FNDA:5,(anonymous_3)
DA:1,1
DA:2,1
DA:3,1
DA:4,1
DA:5,1
DA:6,1
DA:8,1
DA:9,5
DA:10,5
DA:12,5
DA:14,5
DA:15,1
DA:18,4
DA:23,4
DA:31,4
DA:32,3
DA:33,1
DA:36,2
DA:38,2
DA:41,2
DA:43,2
DA:45,2
DA:46,1
DA:49,1
DA:60,1
DA:63,0
DA:68,2
DA:70,1
DA:71,1
DA:76,1
DA:77,2
DA:79,2
DA:92,2
DA:93,1
DA:95,1
DA:96,1
DA:101,1
DA:102,2
DA:103,2
DA:104,2
DA:110,2
DA:111,1
DA:113,1
DA:114,1
DA:119,1
DA:120,5
DA:121,5
DA:122,5
DA:123,5
DA:124,5
DA:125,1
DA:129,4
DA:130,4
DA:133,3
DA:139,3
DA:142,3
DA:143,2
DA:144,2
DA:145,2
DA:156,1
DA:158,1
DA:161,3
DA:163,1
DA:164,1
LF:64
LH:63
BRDA:14,0,0,1
BRDA:14,0,1,4
BRDA:14,1,0,5
BRDA:14,1,1,4
BRDA:32,2,0,1
BRDA:32,2,1,2
BRDA:45,3,0,1
BRDA:45,3,1,1
BRDA:124,4,0,1
BRDA:124,4,1,4
BRDA:142,5,0,2
BRDA:142,5,1,1
BRF:12
BRH:12
end_of_record
TN:
SF:Backend\src\middlewares\authMiddleware.js
FN:3,(anonymous_0)
FNF:1
FNH:1
FNDA:3,(anonymous_0)
DA:1,1
DA:3,1
DA:5,3
DA:7,3
DA:8,1
DA:11,2
DA:13,2
DA:15,2
DA:17,1
DA:18,1
DA:20,1
LF:11
LH:11
BRDA:7,0,0,1
BRDA:7,0,1,2
BRDA:7,1,0,3
BRDA:7,1,1,2
BRF:4
BRH:4
end_of_record
TN:
SF:Backend\src\routes\authRoutes.js
FNF:0
FNH:0
DA:1,1
DA:2,1
DA:3,1
DA:4,1
DA:7,1
DA:10,1
DA:13,1
DA:16,1
DA:19,1
DA:20,1
DA:22,1
LF:11
LH:11
BRF:0
BRH:0
end_of_record
TN:
SF:Backend\src\routes\citasRoutes.js
FNF:0
FNH:0
DA:1,1
DA:2,1
DA:3,1
DA:4,1
DA:6,1
DA:9,1
DA:10,1
DA:12,1
DA:14,1
LF:9
LH:9
BRF:0
BRH:0
end_of_record
TN:
SF:Backend\src\utils\emailTemplates.js
FN:1,(anonymous_0)
FN:35,(anonymous_1)
FN:44,(anonymous_2)
FN:55,(anonymous_3)
FN:72,(anonymous_4)
FNF:5
FNH:5
FNDA:7,(anonymous_0)
FNDA:1,(anonymous_1)
FNDA:1,(anonymous_2)
FNDA:2,(anonymous_3)
FNDA:3,(anonymous_4)
DA:1,2
DA:2,7
DA:35,2
DA:36,1
DA:41,1
DA:44,2
DA:45,1
DA:52,1
DA:55,2
DA:57,2
DA:59,2
DA:69,2
DA:72,2
DA:73,3
DA:75,3
DA:85,3
DA:90,2
LF:17
LH:17
BRF:0
BRH:0
end_of_record
TN:
SF:Backend\src\utils\mailer.js
FN:17,(anonymous_0)
FN:19,(anonymous_1)
FNF:2
FNH:2
FNDA:1,(anonymous_0)
FNDA:1,(anonymous_1)
DA:1,3
DA:2,3
DA:5,3
DA:16,3
DA:17,2
DA:18,1
DA:20,1
DA:24,3
LF:8
LH:8
BRDA:16,0,0,2
BRDA:16,0,1,1
BRF:2
BRH:2
end_of_record
TN:
SF:frontend\js\alerts.js
FN:1,escapeHtml
FN:10,normalizeSingleButtonAlert
FN:22,(anonymous_2)
FN:27,(anonymous_3)
FN:33,(anonymous_4)
FN:34,(anonymous_5)
FN:73,(anonymous_6)
FN:80,(anonymous_7)
FN:87,(anonymous_8)
FN:96,(anonymous_9)
FN:108,(anonymous_10)
FN:112,(anonymous_11)
FN:118,(anonymous_12)
FN:128,(anonymous_13)
FN:140,(anonymous_14)
FN:152,(anonymous_15)
FN:164,(anonymous_16)
FNF:17
FNH:13
FNDA:20,escapeHtml
FNDA:3,normalizeSingleButtonAlert
FNDA:0,(anonymous_2)
FNDA:5,(anonymous_3)
FNDA:0,(anonymous_4)
FNDA:0,(anonymous_5)
FNDA:2,(anonymous_6)
FNDA:0,(anonymous_7)
FNDA:2,(anonymous_8)
FNDA:5,(anonymous_9)
FNDA:2,(anonymous_10)
FNDA:2,(anonymous_11)
FNDA:1,(anonymous_12)
FNDA:1,(anonymous_13)
FNDA:1,(anonymous_14)
FNDA:1,(anonymous_15)
FNDA:1,(anonymous_16)
DA:2,20
DA:11,3
DA:12,0
DA:19,3
DA:26,1
DA:36,5
DA:38,5
DA:39,5
DA:41,5
DA:42,5
DA:44,5
DA:45,5
DA:46,5
DA:51,5
DA:66,5
DA:67,5
DA:69,5
DA:70,5
DA:72,5
DA:73,4
DA:74,2
DA:75,2
DA:79,5
DA:80,1
DA:81,0
DA:82,0
DA:86,5
DA:87,4
DA:88,2
DA:89,0
DA:90,0
DA:97,5
DA:105,5
DA:109,2
DA:110,2
DA:112,2
DA:113,2
DA:114,2
DA:119,1
DA:129,1
DA:131,1
DA:141,1
DA:143,1
DA:153,1
DA:155,1
DA:165,1
DA:175,1
DA:176,1
LF:48
LH:43
BRDA:11,0,0,0
BRDA:11,0,1,3
BRDA:14,1,0,0
BRDA:14,1,1,0
BRDA:20,2,0,3
BRDA:20,2,1,0
BRDA:21,3,0,3
BRDA:21,3,1,0
BRDA:22,4,0,1
BRDA:22,4,1,2
BRDA:27,5,0,0
BRDA:29,6,0,0
BRDA:30,7,0,0
BRDA:31,8,0,0
BRDA:32,9,0,0
BRDA:33,10,0,1
BRDA:34,11,0,5
BRDA:35,12,0,4
BRDA:44,13,0,5
BRDA:44,13,1,1
BRDA:45,14,0,5
BRDA:45,14,1,4
BRDA:47,15,0,4
BRDA:47,15,1,1
BRDA:48,16,0,1
BRDA:48,16,1,4
BRDA:62,17,0,4
BRDA:62,17,1,1
BRDA:72,18,0,4
BRDA:72,18,1,1
BRDA:79,19,0,1
BRDA:79,19,1,4
BRDA:86,20,0,4
BRDA:86,20,1,1
BRDA:88,21,0,0
BRDA:88,21,1,2
BRDA:105,22,0,5
BRDA:105,22,1,0
BRDA:167,23,0,1
BRDA:167,23,1,0
BRDA:168,24,0,1
BRDA:168,24,1,0
BRDA:175,25,0,1
BRDA:175,25,1,0
BRF:44
BRH:29
end_of_record
TN:
SF:frontend\js\citas_store.js
FN:1,(anonymous_0)
FN:9,(anonymous_1)
FN:11,(anonymous_2)
FN:23,(anonymous_3)
FN:29,(anonymous_4)
FN:40,(anonymous_5)
FN:47,(anonymous_6)
FN:53,(anonymous_7)
FN:57,(anonymous_8)
FN:77,(anonymous_9)
FN:84,(anonymous_10)
FN:86,(anonymous_11)
FN:89,(anonymous_12)
FN:91,(anonymous_13)
FN:96,(anonymous_14)
FN:97,(anonymous_15)
FNF:16
FNH:13
FNDA:1,(anonymous_0)
FNDA:6,(anonymous_1)
FNDA:2,(anonymous_2)
FNDA:2,(anonymous_3)
FNDA:2,(anonymous_4)
FNDA:1,(anonymous_5)
FNDA:1,(anonymous_6)
FNDA:1,(anonymous_7)
FNDA:3,(anonymous_8)
FNDA:1,(anonymous_9)
FNDA:2,(anonymous_10)
FNDA:0,(anonymous_11)
FNDA:1,(anonymous_12)
FNDA:2,(anonymous_13)
FNDA:0,(anonymous_14)
FNDA:0,(anonymous_15)
DA:1,1
DA:2,1
DA:3,1
DA:4,1
DA:5,1
DA:6,1
DA:7,1
DA:9,6
DA:11,1
DA:12,2
DA:13,2
DA:14,2
DA:15,2
DA:16,2
DA:17,2
DA:19,1
DA:23,1
DA:24,2
DA:25,2
DA:26,2
DA:29,1
DA:30,2
DA:31,2
DA:32,2
DA:33,2
DA:34,1
DA:36,1
DA:40,1
DA:41,1
DA:47,1
DA:48,1
DA:49,1
DA:50,1
DA:51,0
DA:53,1
DA:57,1
DA:58,3
DA:59,3
DA:60,1
DA:63,2
DA:70,2
DA:71,1
DA:74,1
DA:77,1
DA:78,1
DA:79,1
DA:80,1
DA:81,1
DA:84,1
DA:85,2
DA:86,2
DA:89,1
DA:90,1
DA:91,2
DA:95,1
DA:96,0
DA:97,0
DA:101,1
LF:58
LH:55
BRDA:7,0,0,0
BRDA:7,0,1,1
BRDA:14,1,0,0
BRDA:14,1,1,2
BRDA:25,2,0,0
BRDA:25,2,1,2
BRDA:26,3,0,2
BRDA:26,3,1,1
BRDA:32,4,0,0
BRDA:32,4,1,2
BRDA:34,5,0,0
BRDA:34,5,1,1
BRDA:50,6,0,0
BRDA:50,6,1,1
BRDA:59,7,0,1
BRDA:59,7,1,2
BRDA:70,8,0,1
BRDA:70,8,1,1
BRDA:90,9,0,1
BRDA:90,9,1,0
BRDA:90,10,0,1
BRDA:90,10,1,0
BRDA:95,11,0,0
BRDA:95,11,1,1
BRF:24
BRH:15
end_of_record
TN:
SF:frontend\js\doctor_cronograma.js
FN:1,(anonymous_0)
FN:48,(anonymous_1)
FN:63,(anonymous_2)
FN:66,(anonymous_3)
FN:91,(anonymous_4)
FN:98,(anonymous_5)
FNF:6
FNH:4
FNDA:4,(anonymous_0)
FNDA:1,(anonymous_1)
FNDA:3,(anonymous_2)
FNDA:2,(anonymous_3)
FNDA:0,(anonymous_4)
FNDA:0,(anonymous_5)
DA:1,1
DA:2,4
DA:3,4
DA:5,4
DA:6,1
DA:9,3
DA:17,3
DA:49,1
DA:50,1
DA:52,1
DA:53,1
DA:54,1
DA:56,1
DA:57,1
DA:61,3
DA:63,3
DA:64,3
DA:65,3
DA:66,2
DA:67,2
DA:68,2
DA:69,2
DA:71,2
DA:83,2
DA:84,2
DA:86,1
DA:90,3
DA:91,3
DA:92,0
DA:94,0
DA:97,0
DA:98,0
DA:99,0
DA:101,0
DA:104,0
DA:105,0
DA:108,0
DA:109,0
DA:110,0
DA:111,0
DA:112,0
DA:113,0
DA:114,0
DA:117,0
DA:125,3
DA:126,3
DA:127,3
LF:47
LH:31
BRDA:5,0,0,1
BRDA:5,0,1,3
BRDA:5,1,0,4
BRDA:5,1,1,3
BRDA:67,2,0,2
BRDA:67,2,1,0
BRDA:67,3,0,2
BRDA:67,3,1,0
BRDA:68,4,0,2
BRDA:68,4,1,0
BRDA:68,4,2,0
BRDA:69,5,0,2
BRDA:69,5,1,0
BRDA:73,6,0,2
BRDA:73,6,1,0
BRDA:79,7,0,2
BRDA:79,7,1,0
BRDA:79,8,0,2
BRDA:79,8,1,0
BRDA:90,9,0,3
BRDA:90,9,1,0
BRDA:99,10,0,0
BRDA:99,10,1,0
BRDA:99,11,0,0
BRDA:99,11,1,0
BRDA:99,12,0,0
BRDA:99,12,1,0
BRDA:99,12,2,0
BRDA:99,13,0,0
BRDA:99,13,1,0
BRDA:99,14,0,0
BRDA:99,14,1,0
BRF:32
BRH:12
end_of_record
TN:
SF:frontend\js\pacientes_programados.js
FN:1,(anonymous_0)
FN:18,(anonymous_1)
FN:22,(anonymous_2)
FN:24,(anonymous_3)
FN:54,(anonymous_4)
FN:61,(anonymous_5)
FN:63,(anonymous_6)
FN:69,(anonymous_7)
FN:73,(anonymous_8)
FN:83,(anonymous_9)
FN:90,(anonymous_10)
FN:100,(anonymous_11)
FN:124,(anonymous_12)
FN:125,(anonymous_13)
FN:126,(anonymous_14)
FN:132,(anonymous_15)
FN:133,(anonymous_16)
FN:147,(anonymous_17)
FNF:18
FNH:18
FNDA:2,(anonymous_0)
FNDA:1,(anonymous_1)
FNDA:6,(anonymous_2)
FNDA:6,(anonymous_3)
FNDA:1,(anonymous_4)
FNDA:4,(anonymous_5)
FNDA:8,(anonymous_6)
FNDA:3,(anonymous_7)
FNDA:6,(anonymous_8)
FNDA:1,(anonymous_9)
FNDA:1,(anonymous_10)
FNDA:1,(anonymous_11)
FNDA:4,(anonymous_12)
FNDA:1,(anonymous_13)
FNDA:2,(anonymous_14)
FNDA:2,(anonymous_15)
FNDA:1,(anonymous_16)
FNDA:1,(anonymous_17)
DA:1,1
DA:2,2
DA:3,2
DA:4,0
DA:5,0
DA:8,2
DA:9,2
DA:10,2
DA:11,2
DA:12,2
DA:14,2
DA:16,2
DA:18,2
DA:19,1
DA:22,6
DA:24,2
DA:25,6
DA:26,6
DA:27,6
DA:28,6
DA:30,6
DA:31,6
DA:32,6
DA:33,6
DA:35,6
DA:36,6
DA:38,6
DA:39,6
DA:41,6
DA:42,6
DA:44,6
DA:45,6
DA:47,6
DA:48,6
DA:50,6
DA:51,6
DA:52,6
DA:53,6
DA:54,6
DA:55,6
DA:57,6
DA:58,6
DA:61,2
DA:62,4
DA:63,4
DA:64,8
DA:65,8
DA:69,2
DA:70,3
DA:71,3
DA:72,3
DA:73,3
DA:74,6
DA:76,3
DA:78,0
DA:79,0
DA:83,2
DA:84,1
DA:85,1
DA:87,1
DA:90,2
DA:91,1
DA:92,1
DA:93,1
DA:94,1
DA:95,1
DA:96,1
DA:100,2
DA:101,1
DA:102,1
DA:111,1
DA:112,0
DA:115,1
DA:116,1
DA:117,1
DA:119,0
DA:120,0
DA:124,2
DA:125,4
DA:126,2
DA:127,1
DA:128,1
DA:132,2
DA:133,2
DA:134,1
DA:135,1
DA:136,1
DA:137,1
DA:138,1
DA:142,2
DA:143,2
DA:146,2
DA:147,2
DA:148,1
DA:149,0
DA:154,2
DA:156,2
DA:157,2
DA:158,2
LF:99
LH:91
BRDA:3,0,0,0
BRDA:3,0,1,2
BRDA:14,1,0,0
BRDA:14,1,1,2
BRDA:22,2,0,6
BRDA:22,2,1,0
BRDA:39,3,0,6
BRDA:39,3,1,0
BRDA:39,3,2,0
BRDA:42,4,0,6
BRDA:42,4,1,0
BRDA:45,5,0,6
BRDA:45,5,1,0
BRDA:62,6,0,4
BRDA:62,6,1,0
BRDA:64,7,0,8
BRDA:64,7,1,0
BRDA:65,8,0,7
BRDA:65,8,1,1
BRDA:65,9,0,8
BRDA:65,9,1,2
BRDA:79,10,0,0
BRDA:79,10,1,0
BRDA:84,11,0,1
BRDA:84,11,1,0
BRDA:92,12,0,1
BRDA:92,12,1,0
BRDA:111,13,0,0
BRDA:111,13,1,1
BRDA:134,14,0,0
BRDA:134,14,1,1
BRDA:142,15,0,2
BRDA:142,15,1,0
BRDA:146,16,0,2
BRDA:146,16,1,0
BRDA:148,17,0,0
BRDA:148,17,1,1
BRF:37
BRH:19
end_of_record
TN:
SF:frontend\js\script.js
FN:1,(anonymous_0)
FN:4,(anonymous_1)
FN:33,(anonymous_2)
FN:77,(anonymous_3)
FN:93,(anonymous_4)
FN:111,(anonymous_5)
FN:150,(anonymous_6)
FN:158,(anonymous_7)
FN:197,(anonymous_8)
FNF:9
FNH:8
FNDA:15,(anonymous_0)
FNDA:7,(anonymous_1)
FNDA:1,(anonymous_2)
FNDA:0,(anonymous_3)
FNDA:2,(anonymous_4)
FNDA:1,(anonymous_5)
FNDA:1,(anonymous_6)
FNDA:4,(anonymous_7)
FNDA:1,(anonymous_8)
DA:1,1
DA:2,15
DA:3,15
DA:4,8
DA:5,7
DA:6,7
DA:8,7
DA:11,4
DA:12,4
DA:13,4
DA:14,4
DA:16,4
DA:17,4
DA:23,3
DA:25,3
DA:26,2
DA:28,2
DA:29,1
DA:30,1
DA:33,1
DA:35,1
DA:37,1
DA:38,1
DA:41,1
DA:44,1
DA:47,1
DA:52,3
DA:53,3
DA:54,3
DA:55,3
DA:57,3
DA:58,1
DA:59,1
DA:62,2
DA:63,2
DA:74,1
DA:76,1
DA:77,0
DA:78,0
DA:81,1
DA:84,1
DA:91,15
DA:92,15
DA:93,2
DA:94,2
DA:95,2
DA:96,2
DA:99,2
DA:100,2
DA:102,2
DA:103,2
DA:109,1
DA:110,1
DA:111,1
DA:112,1
DA:113,1
DA:116,0
DA:119,1
DA:121,2
DA:122,2
DA:128,15
DA:129,15
DA:135,15
DA:136,15
DA:138,15
DA:139,15
DA:140,1
DA:141,1
DA:142,1
DA:144,0
DA:148,15
DA:149,15
DA:150,1
DA:151,1
DA:156,15
DA:157,15
DA:158,4
DA:159,4
DA:161,4
DA:162,4
DA:163,4
DA:166,4
DA:167,1
DA:168,1
DA:172,3
DA:173,3
DA:175,3
DA:176,1
DA:177,1
DA:180,2
DA:181,2
DA:183,2
DA:185,2
DA:191,1
DA:193,1
DA:195,1
DA:197,1
DA:198,1
DA:201,0
DA:204,1
DA:206,2
DA:207,2
LF:102
LH:97
BRDA:3,0,0,8
BRDA:3,0,1,7
BRDA:8,1,0,4
BRDA:8,1,1,3
BRDA:13,2,0,4
BRDA:13,2,1,0
BRDA:14,3,0,1
BRDA:14,3,1,3
BRDA:25,4,0,2
BRDA:25,4,1,1
BRDA:26,5,0,2
BRDA:26,5,1,0
BRDA:28,6,0,1
BRDA:28,6,1,1
BRDA:38,7,0,1
BRDA:38,7,1,0
BRDA:57,8,0,1
BRDA:57,8,1,2
BRDA:76,9,0,0
BRDA:76,9,1,1
BRDA:92,10,0,2
BRDA:92,10,1,13
BRDA:110,11,0,1
BRDA:110,11,1,0
BRDA:129,12,0,15
BRDA:129,12,1,10
BRDA:129,12,2,7
BRDA:129,12,3,5
BRDA:129,12,4,1
BRDA:139,13,0,1
BRDA:139,13,1,14
BRDA:139,14,0,15
BRDA:139,14,1,2
BRDA:142,15,0,1
BRDA:142,15,1,0
BRDA:149,16,0,1
BRDA:149,16,1,14
BRDA:157,17,0,4
BRDA:157,17,1,11
BRDA:166,18,0,1
BRDA:166,18,1,3
BRDA:175,19,0,1
BRDA:175,19,1,2
BRDA:193,20,0,1
BRDA:193,20,1,0
BRF:45
BRH:38
end_of_record
TN:
SF:frontend\js\solicitar_cita.js
FN:1,(anonymous_0)
FN:7,(anonymous_1)
FN:11,(anonymous_2)
FN:12,(anonymous_3)
FN:19,(anonymous_4)
FN:43,(anonymous_5)
FN:44,(anonymous_6)
FN:50,renderCalendar
FN:92,(anonymous_8)
FN:103,updateDisplay
FN:114,(anonymous_10)
FN:124,(anonymous_11)
FN:138,generarTurnosDisponibles
FN:157,(anonymous_13)
FN:158,(anonymous_14)
FN:175,(anonymous_15)
FN:217,asignarEventosSeleccionar
FN:220,(anonymous_17)
FN:221,(anonymous_18)
FN:262,(anonymous_19)
FNF:20
FNH:20
FNDA:10,(anonymous_0)
FNDA:1,(anonymous_1)
FNDA:20,(anonymous_2)
FNDA:1,(anonymous_3)
FNDA:74,(anonymous_4)
FNDA:399,(anonymous_5)
FNDA:20,(anonymous_6)
FNDA:15,renderCalendar
FNDA:1,(anonymous_8)
FNDA:11,updateDisplay
FNDA:2,(anonymous_10)
FNDA:2,(anonymous_11)
FNDA:16,generarTurnosDisponibles
FNDA:304,(anonymous_13)
FNDA:190,(anonymous_14)
FNDA:320,(anonymous_15)
FNDA:15,asignarEventosSeleccionar
FNDA:342,(anonymous_17)
FNDA:4,(anonymous_18)
FNDA:1,(anonymous_19)
DA:1,1
DA:2,10
DA:3,10
DA:4,10
DA:6,10
DA:7,10
DA:8,1
DA:11,10
DA:12,20
DA:13,1
DA:14,1
DA:15,1
DA:19,10
DA:20,74
DA:21,73
DA:26,10
DA:31,10
DA:32,10
DA:33,10
DA:34,10
DA:36,10
DA:37,10
DA:38,10
DA:39,10
DA:40,10
DA:41,10
DA:43,399
DA:44,10
DA:45,20
DA:46,20
DA:47,20
DA:51,15
DA:52,15
DA:54,15
DA:55,15
DA:57,15
DA:58,15
DA:61,15
DA:62,63
DA:63,63
DA:64,63
DA:67,15
DA:68,15
DA:70,15
DA:71,464
DA:72,464
DA:73,464
DA:75,464
DA:76,464
DA:78,464
DA:79,279
DA:80,279
DA:81,279
DA:82,279
DA:84,185
DA:85,12
DA:88,185
DA:89,12
DA:92,185
DA:93,1
DA:94,1
DA:95,1
DA:99,464
DA:104,11
DA:105,11
DA:107,11
DA:108,11
DA:110,11
DA:113,10
DA:114,10
DA:115,2
DA:116,2
DA:117,1
DA:118,1
DA:120,2
DA:121,2
DA:124,10
DA:125,2
DA:126,2
DA:127,1
DA:128,1
DA:130,2
DA:131,2
DA:134,10
DA:135,10
DA:139,16
DA:140,16
DA:142,16
DA:144,16
DA:145,16
DA:146,16
DA:148,16
DA:149,16
DA:150,16
DA:151,16
DA:153,1
DA:157,16
DA:158,304
DA:159,190
DA:160,190
DA:162,190
DA:163,190
DA:164,190
DA:165,190
DA:167,190
DA:168,190
DA:172,16
DA:174,16
DA:175,160
DA:176,320
DA:178,304
DA:179,304
DA:180,304
DA:181,304
DA:183,304
DA:184,19
DA:187,285
DA:189,285
DA:190,285
DA:199,285
DA:203,16
DA:204,1
DA:211,1
DA:214,15
DA:218,15
DA:220,15
DA:221,342
DA:222,4
DA:223,4
DA:224,4
DA:226,4
DA:227,4
DA:228,4
DA:229,4
DA:231,4
DA:236,4
DA:237,4
DA:238,1
DA:239,1
DA:240,1
DA:243,3
DA:244,3
DA:245,3
DA:247,3
DA:256,2
DA:258,2
DA:259,1
DA:262,1
DA:265,1
DA:266,1
DA:267,1
DA:270,1
DA:271,1
DA:272,1
LF:154
LH:154
BRDA:6,0,0,10
BRDA:6,0,1,0
BRDA:6,1,0,10
BRDA:6,1,1,10
BRDA:20,2,0,73
BRDA:20,2,1,1
BRDA:20,3,0,74
BRDA:20,3,1,73
BRDA:43,4,0,399
BRDA:43,4,1,0
BRDA:45,5,0,0
BRDA:45,5,1,20
BRDA:47,6,0,20
BRDA:47,6,1,0
BRDA:47,7,0,20
BRDA:47,7,1,20
BRDA:51,8,0,0
BRDA:51,8,1,15
BRDA:57,9,0,15
BRDA:57,9,1,0
BRDA:78,10,0,279
BRDA:78,10,1,185
BRDA:84,11,0,12
BRDA:84,11,1,173
BRDA:84,12,0,185
BRDA:84,12,1,14
BRDA:84,12,2,12
BRDA:88,13,0,12
BRDA:88,13,1,173
BRDA:88,14,0,185
BRDA:88,14,1,14
BRDA:88,14,2,12
BRDA:104,15,0,11
BRDA:104,15,1,0
BRDA:107,16,0,11
BRDA:107,16,1,0
BRDA:113,17,0,10
BRDA:113,17,1,0
BRDA:113,18,0,10
BRDA:113,18,1,10
BRDA:113,18,2,10
BRDA:113,18,3,10
BRDA:116,19,0,1
BRDA:116,19,1,1
BRDA:126,20,0,1
BRDA:126,20,1,1
BRDA:140,21,0,0
BRDA:140,21,1,16
BRDA:149,22,0,16
BRDA:149,22,1,0
BRDA:160,23,0,0
BRDA:160,23,1,190
BRDA:164,24,0,190
BRDA:164,24,1,0
BRDA:167,25,0,0
BRDA:167,25,1,190
BRDA:168,26,0,190
BRDA:168,26,1,190
BRDA:168,26,2,19
BRDA:176,27,0,16
BRDA:176,27,1,304
BRDA:176,28,0,320
BRDA:176,28,1,32
BRDA:178,29,0,176
BRDA:178,29,1,128
BRDA:179,30,0,144
BRDA:179,30,1,160
BRDA:183,31,0,19
BRDA:183,31,1,285
BRDA:203,32,0,1
BRDA:203,32,1,15
BRDA:223,33,0,4
BRDA:223,33,1,4
BRDA:237,34,0,1
BRDA:237,34,1,3
BRDA:258,35,0,1
BRDA:258,35,1,1
BRF:77
BRH:63
end_of_record
TN:
SF:frontend\js\tus_citas.js
FN:1,(anonymous_0)
FN:12,(anonymous_1)
FN:16,(anonymous_2)
FN:25,(anonymous_3)
FNF:4
FNH:4
FNDA:4,(anonymous_0)
FNDA:3,(anonymous_1)
FNDA:4,(anonymous_2)
FNDA:1,(anonymous_3)
DA:1,1
DA:2,4
DA:3,4
DA:6,4
DA:7,4
DA:8,1
DA:9,1
DA:12,3
DA:13,3
DA:14,3
DA:15,2
DA:16,4
DA:18,2
DA:19,1
DA:20,1
DA:23,1
DA:25,1
DA:26,1
DA:27,1
DA:28,1
DA:29,1
DA:30,1
DA:31,1
DA:32,1
DA:33,1
DA:35,1
DA:36,1
DA:37,1
DA:38,1
DA:39,1
DA:40,1
DA:42,1
DA:43,1
DA:50,1
DA:53,1
DA:54,1
DA:58,3
DA:59,3
DA:60,3
LF:39
LH:39
BRDA:3,0,0,0
BRDA:3,0,1,4
BRDA:7,1,0,1
BRDA:7,1,1,3
BRDA:16,2,0,2
BRDA:16,2,1,0
BRDA:18,3,0,1
BRDA:18,3,1,1
BRDA:30,4,0,0
BRDA:30,4,1,1
BRDA:32,5,0,1
BRDA:32,5,1,0
BRDA:36,6,0,1
BRDA:36,6,1,0
BRDA:37,7,0,0
BRDA:37,7,1,1
BRDA:38,8,0,0
BRDA:38,8,1,1
BRDA:39,9,0,0
BRDA:39,9,1,1
BRDA:40,10,0,0
BRDA:40,10,1,1
BRDA:45,11,0,1
BRDA:45,11,1,0
BRDA:45,11,2,0
BRDA:47,12,0,1
BRDA:47,12,1,0
BRDA:48,13,0,1
BRDA:48,13,1,0
BRF:29
BRH:16
end_of_record
